[0.017s] Invoking command in '/home/catscanners/Documents/find-my-kitten/ros2_ws/build/offboard_takeoff_example': /usr/bin/cmake --build /home/catscanners/Documents/find-my-kitten/ros2_ws/build/offboard_takeoff_example -- -j6 -l6
[0.061s] -- Found ament_cmake: 1.3.11 (/opt/ros/humble/share/ament_cmake/cmake)
[0.356s] Traceback (most recent call last):
[0.356s]   File "/opt/ros/humble/share/ament_cmake_core/cmake/package_templates/templates_2_cmake.py", line 21, in <module>
[0.356s]     from ament_package.templates import get_environment_hook_template_path
[0.356s] ModuleNotFoundError: No module named 'ament_package'
[0.386s] [31mCMake Error at /opt/ros/humble/share/ament_cmake_core/cmake/ament_cmake_package_templates-extras.cmake:41 (message):
[0.386s]   execute_process(/usr/bin/python3
[0.387s]   /opt/ros/humble/share/ament_cmake_core/cmake/package_templates/templates_2_cmake.py
[0.387s]   /home/catscanners/Documents/find-my-kitten/ros2_ws/build/offboard_takeoff_example/ament_cmake_package_templates/templates.cmake)
[0.387s]   returned error code 1
[0.387s] Call Stack (most recent call first):
[0.388s]   /opt/ros/humble/share/ament_cmake_core/cmake/ament_cmake_coreConfig.cmake:41 (include)
[0.388s]   /opt/ros/humble/share/ament_cmake/cmake/ament_cmake_export_dependencies-extras.cmake:15 (find_package)
[0.388s]   /opt/ros/humble/share/ament_cmake/cmake/ament_cmakeConfig.cmake:41 (include)
[0.388s]   CMakeLists.txt:9 (find_package)
[0.389s] 
[0.389s] [0m
[0.389s] -- Configuring incomplete, errors occurred!
[0.389s] See also "/home/catscanners/Documents/find-my-kitten/ros2_ws/build/offboard_takeoff_example/CMakeFiles/CMakeOutput.log".
[0.395s] gmake: *** [Makefile:267: cmake_check_build_system] Error 1
[0.401s] Invoked command in '/home/catscanners/Documents/find-my-kitten/ros2_ws/build/offboard_takeoff_example' returned '2': /usr/bin/cmake --build /home/catscanners/Documents/find-my-kitten/ros2_ws/build/offboard_takeoff_example -- -j6 -l6
